Loading training data...
Loaded 2817 training examples
Epoch 1/50 [0/2254] Loss: 0.312088
Epoch 1 complete - Train loss: 0.149449, Validation loss: 0.065711
Saved best model with validation loss: 0.065711
Epoch 2/50 [0/2254] Loss: 0.066367
Epoch 2 complete - Train loss: 0.070164, Validation loss: 0.072004
Epoch 3/50 [0/2254] Loss: 0.076224
Epoch 3 complete - Train loss: 0.063052, Validation loss: 0.054854
Saved best model with validation loss: 0.054854
Epoch 4/50 [0/2254] Loss: 0.059881
Epoch 4 complete - Train loss: 0.053019, Validation loss: 0.051093
Saved best model with validation loss: 0.051093
Epoch 5/50 [0/2254] Loss: 0.048151
Epoch 5 complete - Train loss: 0.049083, Validation loss: 0.047380
Saved best model with validation loss: 0.047380
Epoch 6/50 [0/2254] Loss: 0.050004
Epoch 6 complete - Train loss: 0.045956, Validation loss: 0.045091
Saved best model with validation loss: 0.045091
Epoch 7/50 [0/2254] Loss: 0.044412
Epoch 7 complete - Train loss: 0.044574, Validation loss: 0.043485
Saved best model with validation loss: 0.043485
Epoch 8/50 [0/2254] Loss: 0.040872
Epoch 8 complete - Train loss: 0.042957, Validation loss: 0.042474
Saved best model with validation loss: 0.042474
Epoch 9/50 [0/2254] Loss: 0.043669
Epoch 9 complete - Train loss: 0.041986, Validation loss: 0.041654
Saved best model with validation loss: 0.041654
Epoch 10/50 [0/2254] Loss: 0.039793
Epoch 10 complete - Train loss: 0.041117, Validation loss: 0.040694
Saved best model with validation loss: 0.040694
Epoch 11/50 [0/2254] Loss: 0.040037
Epoch 11 complete - Train loss: 0.040108, Validation loss: 0.039887
Saved best model with validation loss: 0.039887
Epoch 12/50 [0/2254] Loss: 0.039627
Epoch 12 complete - Train loss: 0.039111, Validation loss: 0.039274
Saved best model with validation loss: 0.039274
Epoch 13/50 [0/2254] Loss: 0.040197
Epoch 13 complete - Train loss: 0.038369, Validation loss: 0.038475
Saved best model with validation loss: 0.038475
Epoch 14/50 [0/2254] Loss: 0.035658
Epoch 14 complete - Train loss: 0.037498, Validation loss: 0.037889
Saved best model with validation loss: 0.037889
Epoch 15/50 [0/2254] Loss: 0.035662
Epoch 15 complete - Train loss: 0.036751, Validation loss: 0.037359
Saved best model with validation loss: 0.037359
Epoch 16/50 [0/2254] Loss: 0.033611
Epoch 16 complete - Train loss: 0.036129, Validation loss: 0.036705
Saved best model with validation loss: 0.036705
Epoch 17/50 [0/2254] Loss: 0.034309
Epoch 17 complete - Train loss: 0.035533, Validation loss: 0.036276
Saved best model with validation loss: 0.036276
Epoch 18/50 [0/2254] Loss: 0.034154
Epoch 18 complete - Train loss: 0.034716, Validation loss: 0.035724
Saved best model with validation loss: 0.035724
Epoch 19/50 [0/2254] Loss: 0.034106
Epoch 19 complete - Train loss: 0.034259, Validation loss: 0.035510
Saved best model with validation loss: 0.035510
Epoch 20/50 [0/2254] Loss: 0.031623
Epoch 20 complete - Train loss: 0.033682, Validation loss: 0.034822
Saved best model with validation loss: 0.034822
Epoch 21/50 [0/2254] Loss: 0.031420
Epoch 21 complete - Train loss: 0.033074, Validation loss: 0.034611
Saved best model with validation loss: 0.034611
Epoch 22/50 [0/2254] Loss: 0.032848
Epoch 22 complete - Train loss: 0.032669, Validation loss: 0.034113
Saved best model with validation loss: 0.034113
Epoch 23/50 [0/2254] Loss: 0.034785
Epoch 23 complete - Train loss: 0.032282, Validation loss: 0.034247
Epoch 24/50 [0/2254] Loss: 0.029040
Epoch 24 complete - Train loss: 0.031617, Validation loss: 0.033507
Saved best model with validation loss: 0.033507
Epoch 25/50 [0/2254] Loss: 0.030796
Epoch 25 complete - Train loss: 0.031054, Validation loss: 0.033321
Saved best model with validation loss: 0.033321
Epoch 26/50 [0/2254] Loss: 0.029672
Epoch 26 complete - Train loss: 0.030830, Validation loss: 0.032632
Saved best model with validation loss: 0.032632
Epoch 27/50 [0/2254] Loss: 0.034354
Epoch 27 complete - Train loss: 0.030127, Validation loss: 0.032258
Saved best model with validation loss: 0.032258
Epoch 28/50 [0/2254] Loss: 0.028402
Epoch 28 complete - Train loss: 0.029860, Validation loss: 0.032027
Saved best model with validation loss: 0.032027
Epoch 29/50 [0/2254] Loss: 0.027549
Epoch 29 complete - Train loss: 0.029470, Validation loss: 0.031745
Saved best model with validation loss: 0.031745
Epoch 30/50 [0/2254] Loss: 0.026265
Epoch 30 complete - Train loss: 0.028656, Validation loss: 0.031294
Saved best model with validation loss: 0.031294
Epoch 31/50 [0/2254] Loss: 0.025806
Epoch 31 complete - Train loss: 0.028281, Validation loss: 0.030988
Saved best model with validation loss: 0.030988
Epoch 32/50 [0/2254] Loss: 0.029797
Epoch 32 complete - Train loss: 0.027887, Validation loss: 0.030729
Saved best model with validation loss: 0.030729
Epoch 33/50 [0/2254] Loss: 0.025921
Epoch 33 complete - Train loss: 0.027468, Validation loss: 0.030263
Saved best model with validation loss: 0.030263
Epoch 34/50 [0/2254] Loss: 0.024442
Epoch 34 complete - Train loss: 0.027011, Validation loss: 0.029955
Saved best model with validation loss: 0.029955
Epoch 35/50 [0/2254] Loss: 0.025177
Epoch 35 complete - Train loss: 0.026720, Validation loss: 0.029898
Saved best model with validation loss: 0.029898
Epoch 36/50 [0/2254] Loss: 0.023696
Epoch 36 complete - Train loss: 0.026256, Validation loss: 0.029324
Saved best model with validation loss: 0.029324
Epoch 37/50 [0/2254] Loss: 0.026463
Epoch 37 complete - Train loss: 0.025755, Validation loss: 0.029135
Saved best model with validation loss: 0.029135
Epoch 38/50 [0/2254] Loss: 0.023667
Epoch 38 complete - Train loss: 0.025575, Validation loss: 0.029054
Saved best model with validation loss: 0.029054
Epoch 39/50 [0/2254] Loss: 0.024880
Epoch 39 complete - Train loss: 0.025059, Validation loss: 0.028851
Saved best model with validation loss: 0.028851
Epoch 40/50 [0/2254] Loss: 0.024123
Epoch 40 complete - Train loss: 0.024724, Validation loss: 0.028304
Saved best model with validation loss: 0.028304
Epoch 41/50 [0/2254] Loss: 0.023332
Epoch 41 complete - Train loss: 0.024255, Validation loss: 0.028269
Saved best model with validation loss: 0.028269
Epoch 42/50 [0/2254] Loss: 0.024303
Epoch 42 complete - Train loss: 0.024003, Validation loss: 0.027882
Saved best model with validation loss: 0.027882
Epoch 43/50 [0/2254] Loss: 0.021494
Epoch 43 complete - Train loss: 0.023439, Validation loss: 0.027509
Saved best model with validation loss: 0.027509
Epoch 44/50 [0/2254] Loss: 0.020305
Epoch 44 complete - Train loss: 0.023254, Validation loss: 0.027283
Saved best model with validation loss: 0.027283
Epoch 45/50 [0/2254] Loss: 0.024002
Epoch 45 complete - Train loss: 0.022755, Validation loss: 0.027036
Saved best model with validation loss: 0.027036
Epoch 46/50 [0/2254] Loss: 0.021988
Epoch 46 complete - Train loss: 0.022486, Validation loss: 0.026691
Saved best model with validation loss: 0.026691
Epoch 47/50 [0/2254] Loss: 0.025879
Epoch 47 complete - Train loss: 0.022017, Validation loss: 0.026522
Saved best model with validation loss: 0.026522
Epoch 48/50 [0/2254] Loss: 0.021271
Epoch 48 complete - Train loss: 0.021677, Validation loss: 0.026488
Saved best model with validation loss: 0.026488
Epoch 49/50 [0/2254] Loss: 0.022482
Epoch 49 complete - Train loss: 0.021673, Validation loss: 0.026027
Saved best model with validation loss: 0.026027
Epoch 50/50 [0/2254] Loss: 0.021976
Epoch 50 complete - Train loss: 0.021160, Validation loss: 0.025883
Saved best model with validation loss: 0.025883
Training complete!
Final model saved as best_eval.pt
